{"C:\\Users\\bohda\\Documents\\code\\jsPractice\\unitTesting\\testingWithJest\\cloneArray.js": {"path":"C:\\Users\\bohda\\Documents\\code\\jsPractice\\unitTesting\\testingWithJest\\cloneArray.js","statementMap":{"0":{"start":{"line":2,"column":2},"end":{"line":2,"column":20}},"1":{"start":{"line":4,"column":0},"end":{"line":4,"column":26}}},"fnMap":{"0":{"name":"cloneArr","decl":{"start":{"line":1,"column":9},"end":{"line":1,"column":17}},"loc":{"start":{"line":1,"column":25},"end":{"line":3,"column":1}},"line":1}},"branchMap":{},"s":{"0":1,"1":1},"f":{"0":1},"b":{},"_coverageSchema":"1a1c01bbd47fc00a2c39e90264f33305004495a9","hash":"cc840eec6dfacfef5a82f31c7f38d07008aa21f1"}
,"C:\\Users\\bohda\\Documents\\code\\jsPractice\\unitTesting\\testingWithJest\\subtract.js": {"path":"C:\\Users\\bohda\\Documents\\code\\jsPractice\\unitTesting\\testingWithJest\\subtract.js","statementMap":{"0":{"start":{"line":2,"column":4},"end":{"line":2,"column":17}},"1":{"start":{"line":5,"column":0},"end":{"line":5,"column":26}}},"fnMap":{"0":{"name":"subtract","decl":{"start":{"line":1,"column":9},"end":{"line":1,"column":17}},"loc":{"start":{"line":1,"column":24},"end":{"line":3,"column":3}},"line":1}},"branchMap":{},"s":{"0":1,"1":1},"f":{"0":1},"b":{},"_coverageSchema":"1a1c01bbd47fc00a2c39e90264f33305004495a9","hash":"44f691b53095f1e03352c634667ec5f78e4bcb83"}
,"C:\\Users\\bohda\\Documents\\code\\jsPractice\\unitTesting\\testingWithJest\\sum.js": {"path":"C:\\Users\\bohda\\Documents\\code\\jsPractice\\unitTesting\\testingWithJest\\sum.js","statementMap":{"0":{"start":{"line":2,"column":2},"end":{"line":2,"column":15}},"1":{"start":{"line":5,"column":0},"end":{"line":5,"column":21}}},"fnMap":{"0":{"name":"sum","decl":{"start":{"line":1,"column":9},"end":{"line":1,"column":12}},"loc":{"start":{"line":1,"column":19},"end":{"line":3,"column":1}},"line":1}},"branchMap":{},"s":{"0":1,"1":1},"f":{"0":1},"b":{},"_coverageSchema":"1a1c01bbd47fc00a2c39e90264f33305004495a9","hash":"dc0b215a27fae891ca60a6d3edaf3ea52e373241"}
}
